=== Phase 1: Terraform Apply ===
Initializing the backend...

Successfully configured the backend "s3"! Terraform will automatically
use this backend unless the backend configuration changes.
Initializing modules...
- api_servers in modules/app_server
Initializing provider plugins...
- Finding hashicorp/aws versions matching "~> 6.0"...
- Installing hashicorp/aws v6.41.0...
- Installed hashicorp/aws v6.41.0 (signed by HashiCorp)
Terraform has created a lock file .terraform.lock.hcl to record the provider
selections it made above. Include this file in your version control repository
so that Terraform can guarantee to make the same selections by default when
you run "terraform init" in the future.

Terraform has been successfully initialized!

You may now begin working with Terraform. Try running "terraform plan" to see
any changes that are required for your infrastructure. All Terraform commands
should now work.

If you ever set or change modules or backend configuration for Terraform,
rerun this command to reinitialize your working directory. If you forget, other
commands will detect it and remind you to do so if necessary.
Acquiring state lock. This may take a few moments...
data.aws_vpc.default: Reading...
data.aws_ami.ubuntu24: Reading...
data.aws_ami.ubuntu24: Read complete after 1s [id=ami-0fc8519219d10d25a]
data.aws_vpc.default: Read complete after 2s [id=vpc-075e27fb21f6549ca]
data.aws_subnets.default: Reading...
data.aws_subnets.default: Read complete after 0s [id=af-south-1]

Terraform used the selected providers to generate the following execution plan. Resource actions are indicated with the following symbols:
  + create

Terraform will perform the following actions:

  # module.api_servers["api"].aws_instance.this will be created
  + resource "aws_instance" "this" {
      + ami                                  = "ami-0fc8519219d10d25a"
      + arn                                  = (known after apply)
      + associate_public_ip_address          = (known after apply)
      + availability_zone                    = (known after apply)
      + disable_api_stop                     = (known after apply)
      + disable_api_termination              = (known after apply)
      + ebs_optimized                        = (known after apply)
      + enable_primary_ipv6                  = (known after apply)
      + force_destroy                        = false
      + get_password_data                    = false
      + host_id                              = (known after apply)
      + host_resource_group_arn              = (known after apply)
      + iam_instance_profile                 = (known after apply)
      + id                                   = (known after apply)
      + instance_initiated_shutdown_behavior = (known after apply)
      + instance_lifecycle                   = (known after apply)
      + instance_state                       = (known after apply)
      + instance_type                        = "t3.micro"
      + ipv6_address_count                   = (known after apply)
      + ipv6_addresses                       = (known after apply)
      + key_name                             = "ubuntu-laptop"
      + monitoring                           = (known after apply)
      + outpost_arn                          = (known after apply)
      + password_data                        = (known after apply)
      + placement_group                      = (known after apply)
      + placement_group_id                   = (known after apply)
      + placement_partition_number           = (known after apply)
      + primary_network_interface_id         = (known after apply)
      + private_dns                          = (known after apply)
      + private_ip                           = (known after apply)
      + public_dns                           = (known after apply)
      + public_ip                            = (known after apply)
      + region                               = "af-south-1"
      + secondary_private_ips                = (known after apply)
      + security_groups                      = (known after apply)
      + source_dest_check                    = true
      + spot_instance_request_id             = (known after apply)
      + subnet_id                            = "subnet-07e43ee55e58ceda6"
      + tags                                 = {
          + "Environment" = "staging"
          + "ManagedBy"   = "terraform"
          + "Name"        = "Kijanikiosk-api-staging"
          + "Service"     = "api"
        }
      + tags_all                             = {
          + "Environment" = "staging"
          + "ManagedBy"   = "terraform"
          + "Name"        = "Kijanikiosk-api-staging"
          + "Service"     = "api"
        }
      + tenancy                              = (known after apply)
      + user_data_base64                     = (known after apply)
      + user_data_replace_on_change          = false
      + vpc_security_group_ids               = (known after apply)

      + capacity_reservation_specification (known after apply)

      + cpu_options (known after apply)

      + ebs_block_device (known after apply)

      + enclave_options (known after apply)

      + ephemeral_block_device (known after apply)

      + instance_market_options (known after apply)

      + maintenance_options (known after apply)

      + metadata_options (known after apply)

      + network_interface (known after apply)

      + primary_network_interface (known after apply)

      + private_dns_name_options (known after apply)

      + root_block_device (known after apply)

      + secondary_network_interface (known after apply)
    }

  # module.api_servers["api"].aws_security_group.web_sg will be created
  + resource "aws_security_group" "web_sg" {
      + arn                    = (known after apply)
      + description            = "Allow SSH from my IP, HTTP from anywhere, all outbound"
      + egress                 = [
          + {
              + cidr_blocks      = [
                  + "0.0.0.0/0",
                ]
              + description      = "All outbound traffic"
              + from_port        = 0
              + ipv6_cidr_blocks = []
              + prefix_list_ids  = []
              + protocol         = "-1"
              + security_groups  = []
              + self             = false
              + to_port          = 0
            },
        ]
      + id                     = (known after apply)
      + ingress                = [
          + {
              + cidr_blocks      = [
                  + "0.0.0.0/0",
                ]
              + description      = "HTTP from anywhere"
              + from_port        = 80
              + ipv6_cidr_blocks = []
              + prefix_list_ids  = []
              + protocol         = "tcp"
              + security_groups  = []
              + self             = false
              + to_port          = 80
            },
          + {
              + cidr_blocks      = [
                  + "105.161.226.165/32",
                ]
              + description      = "SSH from my IP only"
              + from_port        = 22
              + ipv6_cidr_blocks = []
              + prefix_list_ids  = []
              + protocol         = "tcp"
              + security_groups  = []
              + self             = false
              + to_port          = 22
            },
        ]
      + name                   = (known after apply)
      + name_prefix            = (known after apply)
      + owner_id               = (known after apply)
      + region                 = "af-south-1"
      + revoke_rules_on_delete = false
      + tags                   = {
          + "Name" = "apps"
        }
      + tags_all               = {
          + "Name" = "apps"
        }
      + vpc_id                 = "vpc-075e27fb21f6549ca"
    }

  # module.api_servers["logs"].aws_instance.this will be created
  + resource "aws_instance" "this" {
      + ami                                  = "ami-0fc8519219d10d25a"
      + arn                                  = (known after apply)
      + associate_public_ip_address          = (known after apply)
      + availability_zone                    = (known after apply)
      + disable_api_stop                     = (known after apply)
      + disable_api_termination              = (known after apply)
      + ebs_optimized                        = (known after apply)
      + enable_primary_ipv6                  = (known after apply)
      + force_destroy                        = false
      + get_password_data                    = false
      + host_id                              = (known after apply)
      + host_resource_group_arn              = (known after apply)
      + iam_instance_profile                 = (known after apply)
      + id                                   = (known after apply)
      + instance_initiated_shutdown_behavior = (known after apply)
      + instance_lifecycle                   = (known after apply)
      + instance_state                       = (known after apply)
      + instance_type                        = "t3.micro"
      + ipv6_address_count                   = (known after apply)
      + ipv6_addresses                       = (known after apply)
      + key_name                             = "ubuntu-laptop"
      + monitoring                           = (known after apply)
      + outpost_arn                          = (known after apply)
      + password_data                        = (known after apply)
      + placement_group                      = (known after apply)
      + placement_group_id                   = (known after apply)
      + placement_partition_number           = (known after apply)
      + primary_network_interface_id         = (known after apply)
      + private_dns                          = (known after apply)
      + private_ip                           = (known after apply)
      + public_dns                           = (known after apply)
      + public_ip                            = (known after apply)
      + region                               = "af-south-1"
      + secondary_private_ips                = (known after apply)
      + security_groups                      = (known after apply)
      + source_dest_check                    = true
      + spot_instance_request_id             = (known after apply)
      + subnet_id                            = "subnet-07e43ee55e58ceda6"
      + tags                                 = {
          + "Environment" = "staging"
          + "ManagedBy"   = "terraform"
          + "Name"        = "Kijanikiosk-logs-staging"
          + "Service"     = "logs"
        }
      + tags_all                             = {
          + "Environment" = "staging"
          + "ManagedBy"   = "terraform"
          + "Name"        = "Kijanikiosk-logs-staging"
          + "Service"     = "logs"
        }
      + tenancy                              = (known after apply)
      + user_data_base64                     = (known after apply)
      + user_data_replace_on_change          = false
      + vpc_security_group_ids               = (known after apply)

      + capacity_reservation_specification (known after apply)

      + cpu_options (known after apply)

      + ebs_block_device (known after apply)

      + enclave_options (known after apply)

      + ephemeral_block_device (known after apply)

      + instance_market_options (known after apply)

      + maintenance_options (known after apply)

      + metadata_options (known after apply)

      + network_interface (known after apply)

      + primary_network_interface (known after apply)

      + private_dns_name_options (known after apply)

      + root_block_device (known after apply)

      + secondary_network_interface (known after apply)
    }

  # module.api_servers["logs"].aws_security_group.web_sg will be created
  + resource "aws_security_group" "web_sg" {
      + arn                    = (known after apply)
      + description            = "Allow SSH from my IP, HTTP from anywhere, all outbound"
      + egress                 = [
          + {
              + cidr_blocks      = [
                  + "0.0.0.0/0",
                ]
              + description      = "All outbound traffic"
              + from_port        = 0
              + ipv6_cidr_blocks = []
              + prefix_list_ids  = []
              + protocol         = "-1"
              + security_groups  = []
              + self             = false
              + to_port          = 0
            },
        ]
      + id                     = (known after apply)
      + ingress                = [
          + {
              + cidr_blocks      = [
                  + "0.0.0.0/0",
                ]
              + description      = "HTTP from anywhere"
              + from_port        = 80
              + ipv6_cidr_blocks = []
              + prefix_list_ids  = []
              + protocol         = "tcp"
              + security_groups  = []
              + self             = false
              + to_port          = 80
            },
          + {
              + cidr_blocks      = [
                  + "105.161.226.165/32",
                ]
              + description      = "SSH from my IP only"
              + from_port        = 22
              + ipv6_cidr_blocks = []
              + prefix_list_ids  = []
              + protocol         = "tcp"
              + security_groups  = []
              + self             = false
              + to_port          = 22
            },
        ]
      + name                   = (known after apply)
      + name_prefix            = (known after apply)
      + owner_id               = (known after apply)
      + region                 = "af-south-1"
      + revoke_rules_on_delete = false
      + tags                   = {
          + "Name" = "apps"
        }
      + tags_all               = {
          + "Name" = "apps"
        }
      + vpc_id                 = "vpc-075e27fb21f6549ca"
    }

  # module.api_servers["payments"].aws_instance.this will be created
  + resource "aws_instance" "this" {
      + ami                                  = "ami-0fc8519219d10d25a"
      + arn                                  = (known after apply)
      + associate_public_ip_address          = (known after apply)
      + availability_zone                    = (known after apply)
      + disable_api_stop                     = (known after apply)
      + disable_api_termination              = (known after apply)
      + ebs_optimized                        = (known after apply)
      + enable_primary_ipv6                  = (known after apply)
      + force_destroy                        = false
      + get_password_data                    = false
      + host_id                              = (known after apply)
      + host_resource_group_arn              = (known after apply)
      + iam_instance_profile                 = (known after apply)
      + id                                   = (known after apply)
      + instance_initiated_shutdown_behavior = (known after apply)
      + instance_lifecycle                   = (known after apply)
      + instance_state                       = (known after apply)
      + instance_type                        = "t3.micro"
      + ipv6_address_count                   = (known after apply)
      + ipv6_addresses                       = (known after apply)
      + key_name                             = "ubuntu-laptop"
      + monitoring                           = (known after apply)
      + outpost_arn                          = (known after apply)
      + password_data                        = (known after apply)
      + placement_group                      = (known after apply)
      + placement_group_id                   = (known after apply)
      + placement_partition_number           = (known after apply)
      + primary_network_interface_id         = (known after apply)
      + private_dns                          = (known after apply)
      + private_ip                           = (known after apply)
      + public_dns                           = (known after apply)
      + public_ip                            = (known after apply)
      + region                               = "af-south-1"
      + secondary_private_ips                = (known after apply)
      + security_groups                      = (known after apply)
      + source_dest_check                    = true
      + spot_instance_request_id             = (known after apply)
      + subnet_id                            = "subnet-07e43ee55e58ceda6"
      + tags                                 = {
          + "Environment" = "staging"
          + "ManagedBy"   = "terraform"
          + "Name"        = "Kijanikiosk-payments-staging"
          + "Service"     = "payments"
        }
      + tags_all                             = {
          + "Environment" = "staging"
          + "ManagedBy"   = "terraform"
          + "Name"        = "Kijanikiosk-payments-staging"
          + "Service"     = "payments"
        }
      + tenancy                              = (known after apply)
      + user_data_base64                     = (known after apply)
      + user_data_replace_on_change          = false
      + vpc_security_group_ids               = (known after apply)

      + capacity_reservation_specification (known after apply)

      + cpu_options (known after apply)

      + ebs_block_device (known after apply)

      + enclave_options (known after apply)

      + ephemeral_block_device (known after apply)

      + instance_market_options (known after apply)

      + maintenance_options (known after apply)

      + metadata_options (known after apply)

      + network_interface (known after apply)

      + primary_network_interface (known after apply)

      + private_dns_name_options (known after apply)

      + root_block_device (known after apply)

      + secondary_network_interface (known after apply)
    }

  # module.api_servers["payments"].aws_security_group.web_sg will be created
  + resource "aws_security_group" "web_sg" {
      + arn                    = (known after apply)
      + description            = "Allow SSH from my IP, HTTP from anywhere, all outbound"
      + egress                 = [
          + {
              + cidr_blocks      = [
                  + "0.0.0.0/0",
                ]
              + description      = "All outbound traffic"
              + from_port        = 0
              + ipv6_cidr_blocks = []
              + prefix_list_ids  = []
              + protocol         = "-1"
              + security_groups  = []
              + self             = false
              + to_port          = 0
            },
        ]
      + id                     = (known after apply)
      + ingress                = [
          + {
              + cidr_blocks      = [
                  + "0.0.0.0/0",
                ]
              + description      = "HTTP from anywhere"
              + from_port        = 80
              + ipv6_cidr_blocks = []
              + prefix_list_ids  = []
              + protocol         = "tcp"
              + security_groups  = []
              + self             = false
              + to_port          = 80
            },
          + {
              + cidr_blocks      = [
                  + "105.161.226.165/32",
                ]
              + description      = "SSH from my IP only"
              + from_port        = 22
              + ipv6_cidr_blocks = []
              + prefix_list_ids  = []
              + protocol         = "tcp"
              + security_groups  = []
              + self             = false
              + to_port          = 22
            },
        ]
      + name                   = (known after apply)
      + name_prefix            = (known after apply)
      + owner_id               = (known after apply)
      + region                 = "af-south-1"
      + revoke_rules_on_delete = false
      + tags                   = {
          + "Name" = "apps"
        }
      + tags_all               = {
          + "Name" = "apps"
        }
      + vpc_id                 = "vpc-075e27fb21f6549ca"
    }

Plan: 6 to add, 0 to change, 0 to destroy.

Changes to Outputs:
  + ansible_inventory   = (known after apply)
  + instance_public_ips = {
      + api      = (known after apply)
      + logs     = (known after apply)
      + payments = (known after apply)
    }
  + ssh_commands        = {
      + api      = (known after apply)
      + logs     = (known after apply)
      + payments = (known after apply)
    }
module.api_servers["payments"].aws_security_group.web_sg: Creating...
module.api_servers["api"].aws_security_group.web_sg: Creating...
module.api_servers["logs"].aws_security_group.web_sg: Creating...
module.api_servers["logs"].aws_security_group.web_sg: Creation complete after 4s [id=sg-05d0321a4e0696b17]
module.api_servers["payments"].aws_security_group.web_sg: Creation complete after 4s [id=sg-0227a9136db82d7b6]
module.api_servers["api"].aws_security_group.web_sg: Creation complete after 4s [id=sg-031cc2c9c61f69d06]
module.api_servers["payments"].aws_instance.this: Creating...
module.api_servers["api"].aws_instance.this: Creating...
module.api_servers["logs"].aws_instance.this: Creating...
module.api_servers["api"].aws_instance.this: Still creating... [00m10s elapsed]
module.api_servers["payments"].aws_instance.this: Still creating... [00m10s elapsed]
module.api_servers["logs"].aws_instance.this: Still creating... [00m10s elapsed]
module.api_servers["payments"].aws_instance.this: Creation complete after 14s [id=i-0ed9e23e8ba8ade60]
module.api_servers["logs"].aws_instance.this: Creation complete after 14s [id=i-0dc2ade39484c845a]
module.api_servers["api"].aws_instance.this: Creation complete after 14s [id=i-0c4b047907f5b2bf2]

Apply complete! Resources: 6 added, 0 changed, 0 destroyed.

Outputs:

ansible_inventory = <<EOT
[api]
api-staging ansible_host=13.245.158.95

[payments]
payments-staging ansible_host=13.245.236.137

[logs]
logs-staging ansible_host=13.247.77.253

[kijanikiosk:children]
api
payments
logs

[all:vars]
ansible_user=ubuntu
ansible_ssh_private_key_file=~/.ssh/id_ed25519

EOT
instance_public_ips = {
  "api" = "13.245.158.95"
  "logs" = "13.247.77.253"
  "payments" = "13.245.236.137"
}
ssh_commands = {
  "api" = "ssh ubuntu@13.245.158.95"
  "logs" = "ssh ubuntu@13.247.77.253"
  "payments" = "ssh ubuntu@13.245.236.137"
}
=== Phase 2: Writing Ansible inventory ===

Inventory written to /home/erick/devops/kijani-kiosk/week4/friday/ansible/inventory.ini:
[api]
api-staging ansible_host=13.245.158.95

[payments]
payments-staging ansible_host=13.245.236.137

[logs]
logs-staging ansible_host=13.247.77.253

[kijanikiosk:children]
api
payments
logs

[all:vars]
ansible_user=ubuntu
ansible_ssh_private_key_file=~/.ssh/id_ed25519

=== Phase 3: Ansible Playbook ===

PLAY [Configure KijaniKiosk servers] **************************************************************************************************************************************************

TASK [Gathering Facts] ****************************************************************************************************************************************************************
[WARNING]: Host 'logs-staging' is using the discovered Python interpreter at '/usr/bin/python3.12', but future installation of another Python interpreter could cause a different interpreter to be discovered. See https://docs.ansible.com/ansible-core/2.20/reference_appendices/interpreter_discovery.html for more information.
ok: [logs-staging]
[WARNING]: Host 'api-staging' is using the discovered Python interpreter at '/usr/bin/python3.12', but future installation of another Python interpreter could cause a different interpreter to be discovered. See https://docs.ansible.com/ansible-core/2.20/reference_appendices/interpreter_discovery.html for more information.
ok: [api-staging]
[WARNING]: Host 'payments-staging' is using the discovered Python interpreter at '/usr/bin/python3.12', but future installation of another Python interpreter could cause a different interpreter to be discovered. See https://docs.ansible.com/ansible-core/2.20/reference_appendices/interpreter_discovery.html for more information.
ok: [payments-staging]

TASK [Update apt cache] ***************************************************************************************************************************************************************
changed: [logs-staging]
changed: [payments-staging]
changed: [api-staging]

TASK [Install required packages] ******************************************************************************************************************************************************
changed: [payments-staging]
changed: [api-staging]
changed: [logs-staging]

TASK [Create kijanikiosk system group] ************************************************************************************************************************************************
changed: [payments-staging]
changed: [api-staging]
changed: [logs-staging]

TASK [Create service account] *********************************************************************************************************************************************************
changed: [logs-staging]
changed: [payments-staging]
changed: [api-staging]

TASK [Create application directory tree] **********************************************************************************************************************************************
changed: [api-staging] => (item={'path': '/opt/kijanikiosk', 'owner': 'root', 'group': 'kijanikiosk', 'mode': '0755'})
changed: [logs-staging] => (item={'path': '/opt/kijanikiosk', 'owner': 'root', 'group': 'kijanikiosk', 'mode': '0755'})
changed: [payments-staging] => (item={'path': '/opt/kijanikiosk', 'owner': 'root', 'group': 'kijanikiosk', 'mode': '0755'})
changed: [logs-staging] => (item={'path': '/opt/kijanikiosk/config', 'owner': 'root', 'group': 'kijanikiosk', 'mode': '0750'})
changed: [payments-staging] => (item={'path': '/opt/kijanikiosk/config', 'owner': 'root', 'group': 'kijanikiosk', 'mode': '0750'})
changed: [api-staging] => (item={'path': '/opt/kijanikiosk/config', 'owner': 'root', 'group': 'kijanikiosk', 'mode': '0750'})
changed: [api-staging] => (item={'path': '/opt/kijanikiosk/shared/logs', 'owner': 'kk-api', 'group': 'kijanikiosk', 'mode': '2770'})
changed: [logs-staging] => (item={'path': '/opt/kijanikiosk/shared/logs', 'owner': 'kk-logs', 'group': 'kijanikiosk', 'mode': '2770'})
changed: [payments-staging] => (item={'path': '/opt/kijanikiosk/shared/logs', 'owner': 'kk-payments', 'group': 'kijanikiosk', 'mode': '2770'})
changed: [logs-staging] => (item={'path': '/opt/kijanikiosk/scripts', 'owner': 'root', 'group': 'root', 'mode': '0750'})
changed: [api-staging] => (item={'path': '/opt/kijanikiosk/scripts', 'owner': 'root', 'group': 'root', 'mode': '0750'})
changed: [payments-staging] => (item={'path': '/opt/kijanikiosk/scripts', 'owner': 'root', 'group': 'root', 'mode': '0750'})
changed: [logs-staging] => (item={'path': '/opt/kijanikiosk/health', 'owner': 'kk-logs', 'group': 'kijanikiosk', 'mode': '0750'})
changed: [api-staging] => (item={'path': '/opt/kijanikiosk/health', 'owner': 'kk-api', 'group': 'kijanikiosk', 'mode': '0750'})
changed: [payments-staging] => (item={'path': '/opt/kijanikiosk/health', 'owner': 'kk-payments', 'group': 'kijanikiosk', 'mode': '0750'})

TASK [Deploy systemd unit file] *******************************************************************************************************************************************************
changed: [payments-staging]
changed: [logs-staging]
changed: [api-staging]

TASK [Flush handlers to reload systemd] ***********************************************************************************************************************************************

TASK [Flush handlers to reload systemd] ***********************************************************************************************************************************************

TASK [Flush handlers to reload systemd] ***********************************************************************************************************************************************

RUNNING HANDLER [Reload systemd] ******************************************************************************************************************************************************
ok: [api-staging]
ok: [payments-staging]
ok: [logs-staging]

RUNNING HANDLER [Restart service] *****************************************************************************************************************************************************
skipping: [api-staging]
skipping: [payments-staging]
skipping: [logs-staging]

TASK [Enable service] *****************************************************************************************************************************************************************
changed: [logs-staging]
changed: [api-staging]
changed: [payments-staging]

TASK [Set ufw default deny incoming] **************************************************************************************************************************************************
changed: [payments-staging]
changed: [api-staging]
changed: [logs-staging]

TASK [Allow SSH] **********************************************************************************************************************************************************************
changed: [payments-staging]
changed: [api-staging]
changed: [logs-staging]

TASK [Allow HTTP] *********************************************************************************************************************************************************************
changed: [api-staging]
changed: [logs-staging]
changed: [payments-staging]

TASK [Allow service port on loopback] *************************************************************************************************************************************************
changed: [logs-staging]
changed: [payments-staging]
changed: [api-staging]

TASK [Create persistent journal directory] ********************************************************************************************************************************************
changed: [api-staging]
changed: [payments-staging]
changed: [logs-staging]

TASK [Deploy logrotate configuration] *************************************************************************************************************************************************
changed: [logs-staging]
changed: [payments-staging]
changed: [api-staging]

RUNNING HANDLER [Restart journald] ****************************************************************************************************************************************************
changed: [api-staging]
changed: [payments-staging]
changed: [logs-staging]

PLAY RECAP ****************************************************************************************************************************************************************************
api-staging                : ok=16   changed=14   unreachable=0    failed=0    skipped=1    rescued=0    ignored=0   
logs-staging               : ok=16   changed=14   unreachable=0    failed=0    skipped=1    rescued=0    ignored=0   
payments-staging           : ok=16   changed=14   unreachable=0    failed=0    skipped=1    rescued=0    ignored=0   

=== Pipeline complete ===