=== Phase 1: Terraform Apply ===
[0m[1mInitializing the backend...[0m
[0m[1mInitializing modules...[0m
[0m[1mInitializing provider plugins...[0m
- Reusing previous version of hashicorp/aws from the dependency lock file
- Using previously-installed hashicorp/aws v6.41.0

[0m[1m[32mTerraform has been successfully initialized![0m[32m[0m
[0m[32m
You may now begin working with Terraform. Try running "terraform plan" to see
any changes that are required for your infrastructure. All Terraform commands
should now work.

If you ever set or change modules or backend configuration for Terraform,
rerun this command to reinitialize your working directory. If you forget, other
commands will detect it and remind you to do so if necessary.[0m
Acquiring state lock. This may take a few moments...
[0m[1mdata.aws_vpc.default: Reading...[0m[0m
[0m[1mdata.aws_ami.ubuntu24: Reading...[0m[0m
[0m[1mdata.aws_ami.ubuntu24: Read complete after 1s [id=ami-0fc8519219d10d25a][0m
[0m[1mdata.aws_vpc.default: Read complete after 2s [id=vpc-075e27fb21f6549ca][0m
[0m[1mdata.aws_subnets.default: Reading...[0m[0m
[0m[1mmodule.api_servers["api"].aws_security_group.web_sg: Refreshing state... [id=sg-031cc2c9c61f69d06][0m
[0m[1mmodule.api_servers["payments"].aws_security_group.web_sg: Refreshing state... [id=sg-0227a9136db82d7b6][0m
[0m[1mmodule.api_servers["logs"].aws_security_group.web_sg: Refreshing state... [id=sg-05d0321a4e0696b17][0m
[0m[1mdata.aws_subnets.default: Read complete after 0s [id=af-south-1][0m
[0m[1mmodule.api_servers["api"].aws_instance.this: Refreshing state... [id=i-0c4b047907f5b2bf2][0m
[0m[1mmodule.api_servers["payments"].aws_instance.this: Refreshing state... [id=i-0ed9e23e8ba8ade60][0m
[0m[1mmodule.api_servers["logs"].aws_instance.this: Refreshing state... [id=i-0dc2ade39484c845a][0m

[0m[1m[32mNo changes.[0m[1m Your infrastructure matches the configuration.[0m

[0mTerraform has compared your real infrastructure against your configuration
and found no differences, so no changes are needed.
[0m[1m[32m
Apply complete! Resources: 0 added, 0 changed, 0 destroyed.[0m
[0m[1m[32m
Outputs:

[0mansible_inventory = <<EOT
[api]
api-staging ansible_host=13.245.158.95

[payments]
payments-staging ansible_host=13.245.236.137

[logs]
logs-staging ansible_host=13.247.77.253

[kijanikiosk:children]
api
payments
logs

[all:vars]
ansible_user=ubuntu
ansible_ssh_private_key_file=~/.ssh/id_ed25519

EOT
instance_public_ips = {
  "api" = "13.245.158.95"
  "logs" = "13.247.77.253"
  "payments" = "13.245.236.137"
}
ssh_commands = {
  "api" = "ssh ubuntu@13.245.158.95"
  "logs" = "ssh ubuntu@13.247.77.253"
  "payments" = "ssh ubuntu@13.245.236.137"
}
=== Phase 2: Writing Ansible inventory ===

Inventory written to /home/erick/devops/kijani-kiosk/week4/friday/ansible/inventory.ini:
[api]
api-staging ansible_host=13.245.158.95

[payments]
payments-staging ansible_host=13.245.236.137

[logs]
logs-staging ansible_host=13.247.77.253

[kijanikiosk:children]
api
payments
logs

[all:vars]
ansible_user=ubuntu
ansible_ssh_private_key_file=~/.ssh/id_ed25519

=== Phase 3: Ansible Playbook ===

PLAY [Configure KijaniKiosk servers] *******************************************

TASK [Gathering Facts] *********************************************************
ok: [api-staging]
ok: [logs-staging]
ok: [payments-staging]

TASK [Update apt cache] ********************************************************
ok: [payments-staging]
ok: [api-staging]
ok: [logs-staging]

TASK [Install required packages] ***********************************************
ok: [payments-staging]
ok: [api-staging]
ok: [logs-staging]

TASK [Create kijanikiosk system group] *****************************************
ok: [payments-staging]
ok: [api-staging]
ok: [logs-staging]

TASK [Create service account] **************************************************
ok: [api-staging]
ok: [payments-staging]
ok: [logs-staging]

TASK [Create application directory tree] ***************************************
ok: [api-staging] => (item={'path': '/opt/kijanikiosk', 'owner': 'root', 'group': 'kijanikiosk', 'mode': '0755'})
ok: [payments-staging] => (item={'path': '/opt/kijanikiosk', 'owner': 'root', 'group': 'kijanikiosk', 'mode': '0755'})
ok: [logs-staging] => (item={'path': '/opt/kijanikiosk', 'owner': 'root', 'group': 'kijanikiosk', 'mode': '0755'})
ok: [api-staging] => (item={'path': '/opt/kijanikiosk/config', 'owner': 'root', 'group': 'kijanikiosk', 'mode': '0750'})
ok: [payments-staging] => (item={'path': '/opt/kijanikiosk/config', 'owner': 'root', 'group': 'kijanikiosk', 'mode': '0750'})
ok: [logs-staging] => (item={'path': '/opt/kijanikiosk/config', 'owner': 'root', 'group': 'kijanikiosk', 'mode': '0750'})
ok: [api-staging] => (item={'path': '/opt/kijanikiosk/shared/logs', 'owner': 'kk-api', 'group': 'kijanikiosk', 'mode': '2770'})
ok: [payments-staging] => (item={'path': '/opt/kijanikiosk/shared/logs', 'owner': 'kk-payments', 'group': 'kijanikiosk', 'mode': '2770'})
ok: [logs-staging] => (item={'path': '/opt/kijanikiosk/shared/logs', 'owner': 'kk-logs', 'group': 'kijanikiosk', 'mode': '2770'})
ok: [api-staging] => (item={'path': '/opt/kijanikiosk/scripts', 'owner': 'root', 'group': 'root', 'mode': '0750'})
ok: [payments-staging] => (item={'path': '/opt/kijanikiosk/scripts', 'owner': 'root', 'group': 'root', 'mode': '0750'})
ok: [logs-staging] => (item={'path': '/opt/kijanikiosk/scripts', 'owner': 'root', 'group': 'root', 'mode': '0750'})
ok: [api-staging] => (item={'path': '/opt/kijanikiosk/health', 'owner': 'kk-api', 'group': 'kijanikiosk', 'mode': '0750'})
ok: [payments-staging] => (item={'path': '/opt/kijanikiosk/health', 'owner': 'kk-payments', 'group': 'kijanikiosk', 'mode': '0750'})
ok: [logs-staging] => (item={'path': '/opt/kijanikiosk/health', 'owner': 'kk-logs', 'group': 'kijanikiosk', 'mode': '0750'})

TASK [Deploy systemd unit file] ************************************************
ok: [payments-staging]
ok: [api-staging]
ok: [logs-staging]

TASK [Flush handlers to reload systemd] ****************************************

TASK [Flush handlers to reload systemd] ****************************************

TASK [Flush handlers to reload systemd] ****************************************

TASK [Enable service] **********************************************************
ok: [api-staging]
ok: [logs-staging]
ok: [payments-staging]

TASK [Set ufw default deny incoming] *******************************************
ok: [payments-staging]
ok: [logs-staging]
ok: [api-staging]

TASK [Allow SSH] ***************************************************************
ok: [logs-staging]
ok: [api-staging]
ok: [payments-staging]

TASK [Allow HTTP] **************************************************************
ok: [api-staging]
ok: [payments-staging]
ok: [logs-staging]

TASK [Allow service port on loopback] ******************************************
ok: [logs-staging]
ok: [api-staging]
ok: [payments-staging]

TASK [Create persistent journal directory] *************************************
ok: [logs-staging]
ok: [api-staging]
ok: [payments-staging]

TASK [Deploy logrotate configuration] ******************************************
ok: [payments-staging]
ok: [api-staging]
ok: [logs-staging]

PLAY RECAP *********************************************************************
api-staging                : ok=14   changed=0    unreachable=0    failed=0    skipped=0    rescued=0    ignored=0   
logs-staging               : ok=14   changed=0    unreachable=0    failed=0    skipped=0    rescued=0    ignored=0   
payments-staging           : ok=14   changed=0    unreachable=0    failed=0    skipped=0    rescued=0    ignored=0   

=== Pipeline complete ===
